INFO:__main__:Service cods - 2500
INFO:__main__:Stop list - 1741
INFO:__main__:Urls - 780
INFO:__main__:Отсечено - 1720
INFO:__main__:Service cods - 2500
INFO:__main__:Отсечено - 1720
INFO:postmon_3.0:Service cods - 2500
INFO:postmon_3.0:Stop list - 1741
INFO:postmon_3.0:Urls - 780
INFO:postmon_3.0:Отсечено - 1720
INFO:postmon_3.0:Service cods - 2500
INFO:postmon_3.0:Отсечено - 1720
INFO:postmon_3.0:Service cods - 2500
INFO:postmon_3.0:Stop list - 1741
INFO:postmon_3.0:Urls - 780
INFO:postmon_3.0:Отсечено - 1720
INFO:postmon_3.0:Service cods - 2500
INFO:postmon_3.0:Отсечено - 1720
DEBUG:urllib3.connectionpool:Starting new HTTPS connection (1): uat.autopays.ru:443
DEBUG:urllib3.connectionpool:https://uat.autopays.ru:443 "GET /api-shop/rs/shop/test?sec-key=96abc9ad-24dc-4125-9fc4-a8072f7b83c3&service-code=111-15302-1 HTTP/1.1" 400 148
DEBUG:chardet.charsetprober:utf-8  confidence = 0.99
DEBUG:chardet.charsetprober:SHIFT_JIS Japanese confidence = 0.01
DEBUG:chardet.charsetprober:EUC-JP Japanese confidence = 0.01
DEBUG:chardet.charsetprober:GB2312 Chinese confidence = 0.01
DEBUG:chardet.charsetprober:EUC-KR Korean confidence = 0.01
DEBUG:chardet.charsetprober:CP949 Korean confidence = 0.01
DEBUG:chardet.charsetprober:Big5 Chinese confidence = 0.01
DEBUG:chardet.charsetprober:EUC-TW Taiwan confidence = 0.01
DEBUG:chardet.charsetprober:windows-1251 Russian confidence = 0.01
DEBUG:chardet.charsetprober:KOI8-R Russian confidence = 0.01
DEBUG:chardet.charsetprober:ISO-8859-5 Russian confidence = 0.10193263299158734
DEBUG:chardet.charsetprober:MacCyrillic Russian confidence = 0.01
DEBUG:chardet.charsetprober:IBM866 Russian confidence = 0.01
DEBUG:chardet.charsetprober:IBM855 Russian confidence = 0.0
DEBUG:chardet.charsetprober:ISO-8859-7 Greek confidence = 0.0
DEBUG:chardet.charsetprober:windows-1253 Greek confidence = 0.0
DEBUG:chardet.charsetprober:ISO-8859-5 Bulgairan confidence = 0.10269066725557585
DEBUG:chardet.charsetprober:windows-1251 Bulgarian confidence = 0.01
DEBUG:chardet.charsetprober:TIS-620 Thai confidence = 0.26864479631659266
DEBUG:chardet.charsetprober:ISO-8859-9 Turkish confidence = 0.2810896658901711
DEBUG:chardet.charsetprober:windows-1255 Hebrew confidence = 0.0
DEBUG:chardet.charsetprober:windows-1255 Hebrew confidence = 0.01
DEBUG:chardet.charsetprober:windows-1255 Hebrew confidence = 0.01
DEBUG:chardet.charsetprober:utf-8  confidence = 0.99
DEBUG:chardet.charsetprober:SHIFT_JIS Japanese confidence = 0.01
DEBUG:chardet.charsetprober:EUC-JP Japanese confidence = 0.01
DEBUG:chardet.charsetprober:GB2312 Chinese confidence = 0.01
DEBUG:chardet.charsetprober:EUC-KR Korean confidence = 0.01
DEBUG:chardet.charsetprober:CP949 Korean confidence = 0.01
DEBUG:chardet.charsetprober:Big5 Chinese confidence = 0.01
DEBUG:chardet.charsetprober:EUC-TW Taiwan confidence = 0.01
DEBUG:urllib3.connectionpool:https://uat.autopays.ru:443 "GET /api-shop/rs/shop/test?sec-key=96abc9ad-24dc-4125-9fc4-a8072f7b83c3&service-code=111-15299-1 HTTP/1.1" 400 135
DEBUG:chardet.charsetprober:utf-8  confidence = 0.99
DEBUG:chardet.charsetprober:SHIFT_JIS Japanese confidence = 0.01
DEBUG:chardet.charsetprober:EUC-JP Japanese confidence = 0.01
DEBUG:chardet.charsetprober:GB2312 Chinese confidence = 0.01
DEBUG:chardet.charsetprober:EUC-KR Korean confidence = 0.01
DEBUG:chardet.charsetprober:CP949 Korean confidence = 0.01
DEBUG:chardet.charsetprober:Big5 Chinese confidence = 0.01
DEBUG:chardet.charsetprober:EUC-TW Taiwan confidence = 0.01
DEBUG:chardet.charsetprober:windows-1251 Russian confidence = 0.01
DEBUG:chardet.charsetprober:KOI8-R Russian confidence = 0.01
DEBUG:chardet.charsetprober:ISO-8859-5 Russian confidence = 0.0
DEBUG:chardet.charsetprober:MacCyrillic Russian confidence = 0.01
DEBUG:chardet.charsetprober:IBM866 Russian confidence = 0.01
DEBUG:chardet.charsetprober:IBM855 Russian confidence = 0.0
DEBUG:chardet.charsetprober:ISO-8859-7 Greek confidence = 0.0
DEBUG:chardet.charsetprober:windows-1253 Greek confidence = 0.0
DEBUG:chardet.charsetprober:ISO-8859-5 Bulgairan confidence = 0.07246597236649109
DEBUG:chardet.charsetprober:windows-1251 Bulgarian confidence = 0.0
DEBUG:chardet.charsetprober:TIS-620 Thai confidence = 0.22749027041955786
DEBUG:chardet.charsetprober:ISO-8859-9 Turkish confidence = 0.2915976907832616
DEBUG:chardet.charsetprober:windows-1255 Hebrew confidence = 0.0
DEBUG:chardet.charsetprober:windows-1255 Hebrew confidence = 0.0
DEBUG:chardet.charsetprober:windows-1255 Hebrew confidence = 0.0
DEBUG:chardet.charsetprober:utf-8  confidence = 0.99
DEBUG:chardet.charsetprober:SHIFT_JIS Japanese confidence = 0.01
DEBUG:chardet.charsetprober:EUC-JP Japanese confidence = 0.01
DEBUG:chardet.charsetprober:GB2312 Chinese confidence = 0.01
DEBUG:chardet.charsetprober:EUC-KR Korean confidence = 0.01
DEBUG:chardet.charsetprober:CP949 Korean confidence = 0.01
DEBUG:chardet.charsetprober:Big5 Chinese confidence = 0.01
DEBUG:chardet.charsetprober:EUC-TW Taiwan confidence = 0.01
DEBUG:postmon_3.0: Составляю список ссылок для итераций...
INFO:postmon_3.0:Service cods - 2500
INFO:postmon_3.0:Stop list - 1741
INFO:postmon_3.0:Urls - 780
INFO:postmon_3.0:Отсечено - 1720
INFO:postmon_3.0:Service cods - 2500
INFO:postmon_3.0:Отсечено - 1720
DEBUG:urllib3.connectionpool:Starting new HTTPS connection (1): uat.autopays.ru:443
DEBUG:urllib3.connectionpool:https://uat.autopays.ru:443 "GET /api-shop/rs/shop/test?sec-key=96abc9ad-24dc-4125-9fc4-a8072f7b83c3&service-code=111-15302-1 HTTP/1.1" 400 148
DEBUG:chardet.charsetprober:utf-8  confidence = 0.99
DEBUG:chardet.charsetprober:SHIFT_JIS Japanese confidence = 0.01
DEBUG:chardet.charsetprober:EUC-JP Japanese confidence = 0.01
DEBUG:chardet.charsetprober:GB2312 Chinese confidence = 0.01
DEBUG:chardet.charsetprober:EUC-KR Korean confidence = 0.01
DEBUG:chardet.charsetprober:CP949 Korean confidence = 0.01
DEBUG:chardet.charsetprober:Big5 Chinese confidence = 0.01
DEBUG:chardet.charsetprober:EUC-TW Taiwan confidence = 0.01
DEBUG:chardet.charsetprober:windows-1251 Russian confidence = 0.01
DEBUG:chardet.charsetprober:KOI8-R Russian confidence = 0.01
DEBUG:chardet.charsetprober:ISO-8859-5 Russian confidence = 0.10193263299158734
DEBUG:chardet.charsetprober:MacCyrillic Russian confidence = 0.01
DEBUG:chardet.charsetprober:IBM866 Russian confidence = 0.01
DEBUG:chardet.charsetprober:IBM855 Russian confidence = 0.0
DEBUG:chardet.charsetprober:ISO-8859-7 Greek confidence = 0.0
DEBUG:chardet.charsetprober:windows-1253 Greek confidence = 0.0
DEBUG:chardet.charsetprober:ISO-8859-5 Bulgairan confidence = 0.10269066725557585
DEBUG:chardet.charsetprober:windows-1251 Bulgarian confidence = 0.01
DEBUG:chardet.charsetprober:TIS-620 Thai confidence = 0.26864479631659266
DEBUG:chardet.charsetprober:ISO-8859-9 Turkish confidence = 0.2810896658901711
DEBUG:chardet.charsetprober:windows-1255 Hebrew confidence = 0.0
DEBUG:chardet.charsetprober:windows-1255 Hebrew confidence = 0.01
DEBUG:chardet.charsetprober:windows-1255 Hebrew confidence = 0.01
DEBUG:chardet.charsetprober:utf-8  confidence = 0.99
DEBUG:chardet.charsetprober:SHIFT_JIS Japanese confidence = 0.01
DEBUG:chardet.charsetprober:EUC-JP Japanese confidence = 0.01
DEBUG:chardet.charsetprober:GB2312 Chinese confidence = 0.01
DEBUG:chardet.charsetprober:EUC-KR Korean confidence = 0.01
DEBUG:chardet.charsetprober:CP949 Korean confidence = 0.01
DEBUG:chardet.charsetprober:Big5 Chinese confidence = 0.01
DEBUG:chardet.charsetprober:EUC-TW Taiwan confidence = 0.01
2020-05-07 14:23:25,928 INFO: Составляю список ссылок для итераций...
2020-05-07 14:23:25,995 INFO: Ок
2020-05-07 14:23:25,995 INFO:Service cods - 2500
2020-05-07 14:23:25,995 INFO:Stop list - 1741
2020-05-07 14:23:25,995 INFO:Urls - 780
2020-05-07 14:23:25,995 INFO:Отсечено - 1720
2020-05-07 14:23:25,995 INFO:Service cods - 2500
2020-05-07 14:23:25,996 INFO:Отсечено - 1720
2020-05-07 14:28:49,576 INFO: Составляю список ссылок для итераций...
2020-05-07 14:28:49,579 INFO: Ок
2020-05-07 14:28:49,579 INFO:Service cods - 12
2020-05-07 14:28:49,579 INFO:Stop list - 1741
2020-05-07 14:28:49,579 INFO:Urls - 5
2020-05-07 14:28:49,580 INFO:Отсечено - 7
2020-05-07 14:28:49,580 INFO:Service cods - 12
2020-05-07 14:28:49,580 INFO:Отсечено - 7
2020-05-07 14:28:53,029 INFO:Итерация по кодам услуг завершена.
2020-05-07 14:28:53,030 INFO:Обновляю данные в часовой таблице
2020-05-07 14:28:53,049 INFO:
Всего проанализировано: 5 ПУ.
Из них: 
0 - С техническинми ошибками
5 - В состоянии OK
0 - Не совпали по формату запроса проверки
0   - Неопознанные ошибки
0 - услуга не выведена

2020-05-07 14:28:53,049 INFO:Клиентов категории А с ошибками: 0

2020-05-07 14:28:53,050 INFO:
Клиентов категории B с ошибками: 0

2020-05-07 14:30:51,247 INFO: Составляю список ссылок для итераций...
2020-05-07 14:30:51,250 INFO: Ок
2020-05-07 14:30:51,250 INFO:Service cods - 12
2020-05-07 14:30:51,250 INFO:Stop list - 1741
2020-05-07 14:30:51,250 INFO:Urls - 6
2020-05-07 14:30:51,250 INFO:Отсечено - 6
2020-05-07 14:30:51,250 INFO:Service cods - 12
2020-05-07 14:30:51,250 INFO:Отсечено - 6
2020-05-07 14:31:33,369 INFO: Составляю список ссылок для итераций...
2020-05-07 14:31:33,372 INFO: Ок
2020-05-07 14:31:33,372 INFO:Service cods - 12
2020-05-07 14:31:33,372 INFO:Stop list - 1741
2020-05-07 14:31:33,372 INFO:Urls - 6
2020-05-07 14:31:33,373 INFO:Отсечено - 6
2020-05-07 14:31:33,373 INFO:Service cods - 12
2020-05-07 14:31:33,373 INFO:Отсечено - 6
2020-05-07 14:31:50,135 INFO: Составляю список ссылок для итераций...
2020-05-07 14:31:50,138 INFO: Ок
2020-05-07 14:31:50,138 INFO:Service cods - 12
2020-05-07 14:31:50,138 INFO:Stop list - 1741
2020-05-07 14:31:50,138 INFO:Urls - 6
2020-05-07 14:31:50,138 INFO:Отсечено - 6
2020-05-07 14:31:50,138 INFO:Service cods - 12
2020-05-07 14:31:50,138 INFO:Отсечено - 6
2020-05-07 14:31:57,244 INFO:Итерация по кодам услуг завершена.
2020-05-07 14:31:57,244 INFO:Обновляю данные в часовой таблице
2020-05-07 14:31:57,253 INFO:
Всего проанализировано: 6 ПУ.
Из них: 
2 - С техническинми ошибками
4 - В состоянии OK
0 - Не совпали по формату запроса проверки
0   - Неопознанные ошибки
0 - услуга не выведена

2020-05-07 14:31:57,253 INFO:Клиентов категории А с ошибками: 1

2020-05-07 14:31:57,253 INFO:
Клиентов категории B с ошибками: 1

2020-05-07 14:31:58,163 INFO:Сработал Alarm для клиентов категории А
2020-05-07 14:33:23,527 INFO: Составляю список ссылок для итераций...
2020-05-07 14:33:23,530 INFO: Ок
2020-05-07 14:33:23,530 INFO:Service cods - 12
2020-05-07 14:33:23,530 INFO:Stop list - 1741
2020-05-07 14:33:23,530 INFO:Urls - 6
2020-05-07 14:33:23,531 INFO:Отсечено - 6
2020-05-07 14:33:23,531 INFO:Service cods - 12
2020-05-07 14:33:23,531 INFO:Отсечено - 6
2020-05-07 14:33:30,825 INFO:Итерация по кодам услуг завершена.
2020-05-07 14:33:30,826 INFO:Обновляю данные в часовой таблице
2020-05-07 14:33:30,838 INFO:
Всего проанализировано: 6 ПУ.
Из них: 
2 - С техническинми ошибками
4 - В состоянии OK
0 - Не совпали по формату запроса проверки
0   - Неопознанные ошибки
0 - услуга не выведена

2020-05-07 14:33:30,839 INFO:Клиентов категории А с ошибками: 1

2020-05-07 14:33:30,839 INFO:
Клиентов категории B с ошибками: 1

2020-05-07 14:33:31,431 INFO:Сработал Alarm для клиентов категории А
2020-05-07 14:39:17,065 INFO: Составляю список ссылок для итераций...
2020-05-07 14:39:17,068 INFO: Ок
2020-05-07 14:39:17,068 INFO:Service cods - 12
2020-05-07 14:39:17,068 INFO:Stop list - 1741
2020-05-07 14:39:17,068 INFO:Urls - 6
2020-05-07 14:39:17,068 INFO:Отсечено - 6
2020-05-07 14:39:17,068 INFO:Service cods - 12
2020-05-07 14:39:17,068 INFO:Отсечено - 6
2020-05-07 14:39:24,164 INFO:Итерация по кодам услуг завершена.
2020-05-07 14:39:24,164 INFO:Обновляю данные в часовой таблице
2020-05-07 14:39:24,173 INFO:
Всего проанализировано: 6 ПУ.
Из них: 
2 - С техническинми ошибками
4 - В состоянии OK
0 - Не совпали по формату запроса проверки
0   - Неопознанные ошибки
0 - услуга не выведена

2020-05-07 14:39:24,174 INFO:Клиентов категории А с ошибками: 1

2020-05-07 14:39:24,174 INFO:
Клиентов категории B с ошибками: 1

2020-05-07 14:39:24,886 WARNING:Сработал Alarm для клиентов категории А
2020-05-07 14:42:27,223 INFO: Составляю список ссылок для итераций...
2020-05-07 14:42:27,225 INFO: Ок
2020-05-07 14:42:27,226 INFO:Service cods - 12
2020-05-07 14:42:27,226 INFO:Stop list - 1741
2020-05-07 14:42:27,226 INFO:Urls - 6
2020-05-07 14:42:27,226 INFO:Отсечено - 6
2020-05-07 14:42:27,226 INFO:Service cods - 12
2020-05-07 14:42:27,226 INFO:Отсечено - 6
2020-05-07 14:42:34,196 INFO:Итерация по кодам услуг завершена.
2020-05-07 14:42:34,196 INFO:Обновляю данные в часовой таблице
2020-05-07 14:42:34,206 INFO:
Всего проанализировано: 6 ПУ.
Из них: 
2 - С техническинми ошибками
4 - В состоянии OK
0 - Не совпали по формату запроса проверки
0   - Неопознанные ошибки
0 - услуга не выведена

2020-05-07 14:42:34,206 INFO:Клиентов категории А с ошибками: 1

2020-05-07 14:42:34,206 INFO:
Клиентов категории B с ошибками: 1

2020-05-07 14:42:34,864 WARNING:Сработал Alarm для клиентов категории А
2020-05-07 14:45:03,639 INFO: Составляю список ссылок для итераций...
2020-05-07 14:45:03,642 INFO: Ок
2020-05-07 14:45:03,642 INFO:Service cods - 12
2020-05-07 14:45:03,642 INFO:Stop list - 1741
2020-05-07 14:45:03,642 INFO:Urls - 6
2020-05-07 14:45:03,643 INFO:Отсечено - 6
2020-05-07 14:45:03,643 INFO:Service cods - 12
2020-05-07 14:45:03,643 INFO:Отсечено - 6
2020-05-07 14:45:10,497 INFO:Итерация по кодам услуг завершена.
2020-05-07 14:45:10,498 INFO:Обновляю данные в часовой таблице
2020-05-07 14:45:10,509 INFO:
Всего проанализировано: 6 ПУ.
Из них: 
2 - С техническинми ошибками
4 - В состоянии OK
0 - Не совпали по формату запроса проверки
0   - Неопознанные ошибки
0 - услуга не выведена

2020-05-07 14:45:10,509 INFO:Клиентов категории А с ошибками: 1

2020-05-07 14:45:10,510 INFO:
Клиентов категории B с ошибками: 1

2020-05-07 14:45:11,122 WARNING:Сработал Alarm для клиентов категории А
2020-05-07 14:47:25,019 INFO: Составляю список ссылок для итераций...
2020-05-07 14:47:25,022 INFO: Ок
2020-05-07 14:47:25,022 INFO:Service cods - 12
2020-05-07 14:47:25,022 INFO:Stop list - 1741
2020-05-07 14:47:25,022 INFO:Urls - 6
2020-05-07 14:47:25,022 INFO:Отсечено - 6
2020-05-07 14:47:25,022 INFO:Service cods - 12
2020-05-07 14:47:25,022 INFO:Отсечено - 6
2020-05-07 14:47:31,911 INFO:Итерация по кодам услуг завершена.
2020-05-07 14:47:31,912 INFO:Обновляю данные в часовой таблице
2020-05-07 14:47:31,920 INFO:
Всего проанализировано: 6 ПУ.
Из них: 
2 - С техническинми ошибками
4 - В состоянии OK
0 - Не совпали по формату запроса проверки
0   - Неопознанные ошибки
0 - услуга не выведена

2020-05-07 14:47:31,921 INFO:Клиентов категории А с ошибками: 1

2020-05-07 14:47:31,921 INFO:
Клиентов категории B с ошибками: 1

2020-05-07 14:47:32,833 WARNING:Сработал Alarm для клиентов категории А
2020-05-07 14:47:32,833 INFO:
Время работы скрипта = 0:00:07.816056
2020-05-07 14:51:29,287 INFO: Составляю список ссылок для итераций...
2020-05-07 14:51:29,291 INFO: Ок
2020-05-07 14:51:29,291 INFO:Service cods - 12
2020-05-07 14:51:29,291 INFO:Stop list - 1741
2020-05-07 14:51:29,291 INFO:Urls - 6
2020-05-07 14:51:29,291 INFO:Отсечено - 6
2020-05-07 14:51:29,291 INFO:Service cods - 12
2020-05-07 14:51:29,291 INFO:Отсечено - 6
2020-05-07 14:51:36,013 INFO:Итерация по кодам услуг завершена.
2020-05-07 14:51:36,015 INFO:Обновляю данные в часовой таблице
2020-05-07 14:51:36,029 INFO:
Всего проанализировано: 6 ПУ.
Из них: 
2 - С техническинми ошибками
4 - В состоянии OK
0 - Не совпали по формату запроса проверки
0   - Неопознанные ошибки
0 - услуга не выведена

2020-05-07 14:51:36,029 INFO:Клиентов категории А с ошибками: 1

2020-05-07 14:51:36,029 INFO:
Клиентов категории B с ошибками: 1

2020-05-07 14:51:38,610 WARNING:Сработал Alarm для клиентов категории А
2020-05-07 14:51:38,611 INFO:
Время работы скрипта = 0:00:09.325820
2020-05-07 14:53:39,288 INFO: Составляю список ссылок для итераций...
2020-05-07 14:53:39,291 INFO: Ок
2020-05-07 14:53:39,291 INFO:Service cods - 12
2020-05-07 14:53:39,292 INFO:Stop list - 1741
2020-05-07 14:53:39,292 INFO:Urls - 6
2020-05-07 14:53:39,292 INFO:Отсечено - 6
2020-05-07 14:53:39,292 INFO:Service cods - 12
2020-05-07 14:53:39,292 INFO:Отсечено - 6
2020-05-07 14:53:46,140 INFO:Итерация по кодам услуг завершена.
2020-05-07 14:53:46,141 INFO:Обновляю данные в часовой таблице
2020-05-07 14:53:46,155 INFO:
Всего проанализировано: 6 ПУ.
Из них: 
2 - С техническинми ошибками
4 - В состоянии OK
0 - Не совпали по формату запроса проверки
0   - Неопознанные ошибки
0 - услуга не выведена

2020-05-07 14:53:46,156 INFO:Клиентов категории А с ошибками: 1

2020-05-07 14:53:46,156 INFO:
Клиентов категории B с ошибками: 1

2020-05-07 14:53:46,745 WARNING:Сработал Alarm для клиентов категории А
2020-05-07 14:53:46,746 INFO:
Время работы скрипта = 0:00:07.460061
2020-05-07 14:59:09,142 INFO: Составляю список ссылок для итераций...
2020-05-07 14:59:09,153 INFO: Ок
2020-05-07 14:59:09,153 INFO:Service cods - 12
2020-05-07 14:59:09,153 INFO:Stop list - 1741
2020-05-07 14:59:09,154 INFO:Urls - 6
2020-05-07 14:59:09,154 INFO:Отсечено - 6
2020-05-07 14:59:09,154 INFO:Service cods - 12
2020-05-07 14:59:09,154 INFO:Отсечено - 6
2020-05-07 14:59:16,001 INFO:Итерация по кодам услуг завершена.
2020-05-07 14:59:16,002 INFO:Обновляю данные в часовой таблице
2020-05-07 14:59:16,016 INFO:
Всего проанализировано: 6 ПУ.
Из них: 
2 - С техническинми ошибками
4 - В состоянии OK
0 - Не совпали по формату запроса проверки
0   - Неопознанные ошибки
0 - услуга не выведена

2020-05-07 14:59:16,017 INFO:Клиентов категории А с ошибками: 1

2020-05-07 14:59:16,017 INFO:
Клиентов категории B с ошибками: 1

2020-05-07 14:59:16,656 WARNING:Сработал Alarm для клиентов категории А
2020-05-07 14:59:16,656 INFO:
Время работы скрипта = 0:00:07.516719
2020-05-07 15:02:19,996 INFO: Составляю список ссылок для итераций...
2020-05-07 15:02:19,999 INFO: Ок
2020-05-07 15:02:19,999 INFO:Service cods - 12
2020-05-07 15:02:19,999 INFO:Stop list - 1741
2020-05-07 15:02:19,999 INFO:Urls - 6
2020-05-07 15:02:19,999 INFO:Отсечено - 6
2020-05-07 15:02:19,999 INFO:Service cods - 12
2020-05-07 15:02:19,999 INFO:Отсечено - 6
2020-05-07 15:02:27,282 INFO:Итерация по кодам услуг завершена.
2020-05-07 15:02:27,282 INFO:Обновляю данные в часовой таблице
2020-05-07 15:02:27,291 INFO:
Всего проанализировано: 6 ПУ.
Из них: 
2 - С техническинми ошибками
4 - В состоянии OK
0 - Не совпали по формату запроса проверки
0   - Неопознанные ошибки
0 - услуга не выведена

2020-05-07 15:02:27,291 INFO:Клиентов категории А с ошибками: 1

2020-05-07 15:02:27,291 INFO:
Клиентов категории B с ошибками: 1

2020-05-07 15:02:28,037 WARNING:Сработал Alarm для клиентов категории А
2020-05-07 15:02:28,548 WARNING:Сработал Alarm для клиентов категории B
2020-05-07 15:02:28,549 INFO:
Время работы скрипта = 0:00:08.555315
2020-05-07 15:05:21,914 INFO: Составляю список ссылок для итераций...
2020-05-07 15:05:21,917 INFO: Ок
2020-05-07 15:05:21,917 INFO:Service cods - 12
2020-05-07 15:05:21,917 INFO:Stop list - 1741
2020-05-07 15:05:21,917 INFO:Urls - 6
2020-05-07 15:05:21,917 INFO:Отсечено - 6
2020-05-07 15:05:21,918 INFO:Service cods - 12
2020-05-07 15:05:21,918 INFO:Отсечено - 6
2020-05-07 15:05:28,836 INFO:Итерация по кодам услуг завершена.
2020-05-07 15:05:28,838 INFO:Обновляю данные в часовой таблице
2020-05-07 15:05:28,851 INFO:
Всего проанализировано: 6 ПУ.
Из них: 
2 - С техническинми ошибками
4 - В состоянии OK
0 - Не совпали по формату запроса проверки
0   - Неопознанные ошибки
0 - услуга не выведена

2020-05-07 15:05:28,851 INFO:Клиентов категории А с ошибками: 1

2020-05-07 15:05:28,851 INFO:
Клиентов категории B с ошибками: 1

2020-05-07 15:05:29,591 WARNING:Сработал Alarm для клиентов категории А
2020-05-07 15:05:30,146 WARNING:Сработал Alarm для клиентов категории B
2020-05-07 15:05:30,146 INFO:
Время работы скрипта = 0:00:08.235635
2020-05-07 15:10:53,712 INFO: Составляю список ссылок для итераций...
2020-05-07 15:10:53,715 INFO: Ок
2020-05-07 15:10:53,715 INFO:Список кодов услуг для мониторинга:
Service cods - 12
Stop list - 1741
Urls - 6
Отсечено - 6
Service cods Итого - 12
2020-05-07 15:11:00,474 INFO:Итерация по кодам услуг завершена.
2020-05-07 15:11:00,476 INFO:Обновляю данные в часовой таблице
2020-05-07 15:11:00,489 INFO:
Всего проанализировано: 6 ПУ.
Из них: 
2 - С техническинми ошибками
4 - В состоянии OK
0 - Не совпали по формату запроса проверки
0   - Неопознанные ошибки
0 - услуга не выведена

2020-05-07 15:11:00,489 INFO:Клиентов категории А с ошибками: 1

2020-05-07 15:11:00,489 INFO:
Клиентов категории B с ошибками: 1

2020-05-07 15:11:01,239 WARNING:Сработал Alarm для клиентов категории А
2020-05-07 15:11:01,734 WARNING:Сработал Alarm для клиентов категории B
2020-05-07 15:11:01,735 INFO:
Время работы скрипта = 0:00:08.026392
2020-05-07 15:11:01,735 INFO:Встаю на паузу.
2020-05-07 15:11:57,567 INFO: Составляю список ссылок для итераций...
2020-05-07 15:11:57,570 INFO: Ок
2020-05-07 15:11:57,570 INFO:Список кодов услуг для мониторинга:
Service cods - 12
Stop list - 1741
Urls - 6
Отсечено - 6
Service cods Итого - 12
2020-05-07 15:12:04,347 INFO:Итерация по кодам услуг завершена.
2020-05-07 15:12:04,349 INFO:Обновляю данные в часовой таблице
2020-05-07 15:12:04,365 INFO:
Всего проанализировано: 6 ПУ.
Из них: 
2 - С техническинми ошибками
4 - В состоянии OK
0 - Не совпали по формату запроса проверки
0   - Неопознанные ошибки
0 - услуга не выведена

2020-05-07 15:12:04,365 INFO:Клиентов категории А с ошибками: 1

2020-05-07 15:12:04,365 INFO:
Клиентов категории B с ошибками: 1

2020-05-07 15:12:04,967 WARNING:Сработал Alarm для клиентов категории А
2020-05-07 15:12:05,496 WARNING:Сработал Alarm для клиентов категории B
2020-05-07 15:12:05,496 INFO:
Время работы скрипта = 0:00:07.931588
2020-05-07 15:12:05,496 INFO:Встаю на паузу.
